fetch http://dl-cdn.alpinelinux.org/alpine/v3.11/main/x86_64/APKINDEX.tar.gz
fetch http://dl-cdn.alpinelinux.org/alpine/v3.11/community/x86_64/APKINDEX.tar.gz
(1/9) Installing ncurses-terminfo-base (6.1_p20200118-r3)
(2/9) Installing ncurses-libs (6.1_p20200118-r3)
(3/9) Installing readline (8.0.1-r0)
(4/9) Installing bash (5.0.11-r1)
Executing bash-5.0.11-r1.post-install
(5/9) Installing ca-certificates (20191127-r1)
(6/9) Installing nghttp2-libs (1.40.0-r0)
(7/9) Installing libcurl (7.67.0-r0)
(8/9) Installing curl (7.67.0-r0)
(9/9) Installing tzdata (2019c-r0)
Executing busybox-1.31.1-r9.trigger
Executing ca-certificates-20191127-r1.trigger
OK: 13 MiB in 23 packages
Name: client
Graveyard: /graveyard
Tombstone: /graveyard/client
Birth Deps: server
Death Deps: N/A
Grace Period: 30s
Pod Name: example-job-kflt8
Namespace: default
Watching pod updates...
Event Type: ADDED
Event Type: MODIFIED
Pod Watch(example-job-kflt8): done
All birth deps ready: server
Exec: /usr/bin/curl -v --fail http://localhost:80/
  % Total    % ReceCreating tombstone: /graveyard/client
ived % Xferd  Average Speed   Time    Time     Time  Current
                                 Dload  Upload   Total   Spent    Left  Speed
  0     0    0     0    0     0      0      0 --:--:-- --:--:-- --:--:--     0*   Trying 127.0.0.1:80...
* TCP_NODELAY set
* Connected to localhost (127.0.0.1) port 80 (#0)
> GET / HTTP/1.1
> Host: localhost
> User-Agent: curl/7.67.0
> Accept: */*
> 
* Mark bundle as not supporting multiuse
< HTTP/1.1 200 OK
< Server: nginx/1.17.10
< Date: Tue, 28 Apr 2020 10:41:47 GMT
< Content-Type: text/html
< Content-Length: 612
< Last-Modified: Tue, 14 Apr 2020 14:46:22 GMT
< Connection: keep-alive
< ETag: "5e95ccbe-264"
< Accept-Ranges: bytes
< 
{ [612 bytes data]
100   612  100   612    0     0  14571      0 --:--:-- --:--:-- --:--:-- 15300
<!DOCTYPE html>
* Connection #0 to host localhost left intact
<html>
<head>
<title>Welcome to nginx!</title>
<style>
    body {
        width: 35em;
Exit(0)
Updating tombstone: /graveyard/client
        margin: 0 auto;
        font-family: Tahoma, Verdana, Arial, sans-serif;
    }
</style>
</head>
<body>
<h1>Welcome to nginx!</h1>
<p>If you see this page, the nginx web server is successfully installed and
working. Further configuration is required.</p>

<p>For online documentation and support please refer to
<a href="http://nginx.org/">nginx.org</a>.<br/>
Commercial support is available at
<a href="http://nginx.com/">nginx.com</a>.</p>

<p><em>Thank you for using nginx.</em></p>
</body>
</html>
